0 info it worked if it ends with ok
1 verbose cli [ 'D:\\Atom\\App\\Atom\\resources\\app\\apm\\bin\\node.exe',
1 verbose cli   'D:\\Atom\\App\\Atom\\resources\\app\\apm\\node_modules\\npm\\bin\\npm-cli.js',
1 verbose cli   'version',
1 verbose cli   'minor' ]
2 info using npm@3.10.5
3 info using node@v4.4.5
4 info git [ 'status', '--porcelain' ]
5 verbose stack Error: Git working directory not clean.
5 verbose stack M README.md
5 verbose stack M lib/crumb.js
5 verbose stack M lib/make-crumbs.js
5 verbose stack     at D:\Atom\App\Atom\resources\app\apm\node_modules\npm\lib\version.js:247:19
5 verbose stack     at D:\Atom\App\Atom\resources\app\apm\node_modules\npm\lib\utils\no-progress-while-running.js:21:8
5 verbose stack     at ChildProcess.exithandler (child_process.js:204:7)
5 verbose stack     at emitTwo (events.js:87:13)
5 verbose stack     at ChildProcess.emit (events.js:172:7)
5 verbose stack     at maybeClose (internal/child_process.js:827:16)
5 verbose stack     at Socket.<anonymous> (internal/child_process.js:319:11)
5 verbose stack     at emitOne (events.js:77:13)
5 verbose stack     at Socket.emit (events.js:169:7)
5 verbose stack     at Pipe._onclose (net.js:477:12)
6 verbose cwd D:\NODE\Projects\express-crumb
7 error Windows_NT 6.1.7601
8 error argv "D:\\Atom\\App\\Atom\\resources\\app\\apm\\bin\\node.exe" "D:\\Atom\\App\\Atom\\resources\\app\\apm\\node_modules\\npm\\bin\\npm-cli.js" "version" "minor"
9 error node v4.4.5
10 error npm  v3.10.5
11 error Git working directory not clean.
11 error M README.md
11 error M lib/crumb.js
11 error M lib/make-crumbs.js
12 error If you need help, you may report this error at:
12 error     <https://github.com/npm/npm/issues>
13 verbose exit [ 1, true ]
